111
PAINT_LINE 9 4 9 78
PAINT_LINE 5 10 5 78
PAINT_LINE 4 24 4 76
PAINT_SQUARE 6 67 3
PAINT_LINE 1 4 1 15
PAINT_LINE 12 51 12 59
PAINT_SQUARE 5 1 1
PAINT_SQUARE 7 22 1
PAINT_SQUARE 7 46 1
PAINT_SQUARE 7 60 1
PAINT_LINE 6 30 6 38
PAINT_SQUARE 7 17 1
PAINT_SQUARE 7 51 1
PAINT_LINE 6 74 6 79
PAINT_SQUARE 2 65 1
PAINT_SQUARE 10 60 1
PAINT_LINE 0 8 0 12
PAINT_LINE 7 31 7 37
PAINT_SQUARE 3 2 1
PAINT_LINE 7 64 7 74
PAINT_LINE 8 2 8 5
PAINT_LINE 7 1 7 3
PAINT_LINE 8 30 8 38
PAINT_LINE 11 50 11 52
PAINT_LINE 13 54 13 56
PAINT_LINE 2 14 2 15
PAINT_LINE 2 1 2 5
PAINT_LINE 8 14 8 18
PAINT_LINE 6 16 6 19
PAINT_LINE 8 77 8 77
PAINT_LINE 8 64 8 71
PAINT_LINE 8 44 8 47
PAINT_LINE 8 21 8 24
PAINT_LINE 11 58 11 61
ERASE_CELL 2 1
ERASE_CELL 3 67
ERASE_CELL 3 68
ERASE_CELL 3 69
ERASE_CELL 3 70
ERASE_CELL 4 31
ERASE_CELL 4 32
ERASE_CELL 4 33
ERASE_CELL 4 34
ERASE_CELL 4 35
ERASE_CELL 4 36
ERASE_CELL 4 37
ERASE_CELL 4 45
ERASE_CELL 4 46
ERASE_CELL 4 47
ERASE_CELL 4 48
ERASE_CELL 4 49
ERASE_CELL 4 50
ERASE_CELL 4 51
ERASE_CELL 4 62
ERASE_CELL 4 63
ERASE_CELL 4 67
ERASE_CELL 4 68
ERASE_CELL 4 69
ERASE_CELL 4 70
ERASE_CELL 5 20
ERASE_CELL 5 21
ERASE_CELL 5 26
ERASE_CELL 5 27
ERASE_CELL 5 28
ERASE_CELL 5 33
ERASE_CELL 5 34
ERASE_CELL 5 35
ERASE_CELL 5 40
ERASE_CELL 5 41
ERASE_CELL 5 42
ERASE_CELL 5 47
ERASE_CELL 5 48
ERASE_CELL 5 49
ERASE_CELL 5 50
ERASE_CELL 5 55
ERASE_CELL 5 56
ERASE_CELL 5 62
ERASE_CELL 5 63
ERASE_CELL 5 67
ERASE_CELL 5 68
ERASE_CELL 5 73
ERASE_CELL 5 74
ERASE_CELL 6 34
ERASE_CELL 6 67
ERASE_CELL 7 34
ERASE_CELL 7 52
ERASE_CELL 7 67
ERASE_CELL 8 18
ERASE_CELL 8 33
ERASE_CELL 8 34
ERASE_CELL 8 35
ERASE_CELL 8 67
ERASE_CELL 9 17
ERASE_CELL 9 18
ERASE_CELL 9 19
ERASE_CELL 9 20
ERASE_CELL 9 21
ERASE_CELL 9 32
ERASE_CELL 9 33
ERASE_CELL 9 34
ERASE_CELL 9 35
ERASE_CELL 9 36
ERASE_CELL 9 47
ERASE_CELL 9 48
ERASE_CELL 9 49
ERASE_CELL 9 50
ERASE_CELL 9 62
ERASE_CELL 9 63
ERASE_CELL 9 67
ERASE_CELL 9 68
ERASE_CELL 9 69
